<?xml version="1.0" encoding="UTF-8"?>
<!-- Generated by org.testng.reporters.JUnitReportReporter -->
<testsuite hostname="Salils-MacBook-Pro.local" failures="0" tests="1" name="cucumberOptions.TestNGTestRunner" time="7.335" errors="0" timestamp="2023-03-13T17:32:43 IST" skipped="0">
  <testcase classname="cucumberOptions.TestNGTestRunner" name="runScenario" time="7.335"/>
  <system-out/>
</testsuite> <!-- cucumberOptions.TestNGTestRunner -->
